2016-08-05 21:40:26.988 INFO  <main> mkdb.util.Dbx start ...
2016-08-05 21:40:26.988 INFO  <main> System.load(F:\合服测试20160721\xmerge_alltools_20160804\xmerge\lib\db_amd64.dll)
2016-08-05 21:40:26.988 INFO  <main> Merge Start
2016-08-05 21:40:27.113 INFO  <main> mergeOnce:src1db:F:\合服测试20160721\xmerge_alltools_20160804\xmerge\src1dbbackupsrc2db:F:\合服测试20160721\xmerge_alltools_20160804\xmerge\xmergetest\result_dbresultdb:xmergetest\\result_db
2016-08-05 21:40:34.617 INFO  <main> preprocess table success:clans
2016-08-05 21:40:37.550 INFO  <main> Merge table start:buffrolestodisk
2016-08-05 21:40:37.565 INFO  <main> Merge buffrolestodisk finish
2016-08-05 21:40:37.596 INFO  <main> Merge table start:debugflag
2016-08-05 21:40:37.596 INFO  <main> Merge debugflag finish
2016-08-05 21:40:37.643 INFO  <main> Merge table start:bag
2016-08-05 21:40:37.643 INFO  <main> Merge bag finish
2016-08-05 21:40:37.690 INFO  <main> Merge table start:rolecircletaskcomplete
2016-08-05 21:40:37.690 INFO  <main> Merge rolecircletaskcomplete finish
2016-08-05 21:40:37.752 INFO  <main> Merge table start:userpunish
2016-08-05 21:40:37.752 INFO  <main> Merge userpunish finish
2016-08-05 21:40:37.799 INFO  <main> Merge table start:roletradinginfolisttab
2016-08-05 21:40:37.799 INFO  <main> Merge roletradinginfolisttab finish
2016-08-05 21:40:37.846 INFO  <main> Merge table start:bingfenginfos
2016-08-05 21:40:37.846 INFO  <main> Merge bingfenginfos finish
2016-08-05 21:40:38.002 INFO  <main> Merge table start:marketfloatingtab
2016-08-05 21:40:38.018 INFO  <main> Merge marketfloatingtab finish
2016-08-05 21:40:38.064 INFO  <main> Merge table start:roleid2monthcard
2016-08-05 21:40:38.064 INFO  <main> Merge roleid2monthcard finish
2016-08-05 21:40:38.111 INFO  <main> Merge table start:rolerankdatalist
2016-08-05 21:40:38.111 INFO  <main> Merge rolerankdatalist finish
2016-08-05 21:40:38.158 INFO  <main> Merge table start:festival
2016-08-05 21:40:38.158 INFO  <main> Merge festival finish
2016-08-05 21:40:38.205 INFO  <main> Merge table start:acceptedscenariomission
2016-08-05 21:40:38.205 INFO  <main> Merge acceptedscenariomission finish
2016-08-05 21:40:38.361 INFO  <main> Merge table start:quality
2016-08-05 21:40:38.361 INFO  <main> Merge quality finish
2016-08-05 21:40:38.408 INFO  <main> Merge table start:pvp5roles
2016-08-05 21:40:38.408 INFO  <main> Merge pvp5roles finish
2016-08-05 21:40:38.470 INFO  <main> Merge table start:clanfighthistroylist
2016-08-05 21:40:38.470 INFO  <main> Merge clanfighthistroylist finish
2016-08-05 21:40:38.532 INFO  <main> Merge table start:clanweeknumtab
2016-08-05 21:40:38.532 INFO  <main> Merge clanweeknumtab finish
2016-08-05 21:40:38.579 INFO  <main> Merge table start:rolebuygoodslimits
2016-08-05 21:40:38.579 INFO  <main> Merge rolebuygoodslimits finish
2016-08-05 21:40:38.626 INFO  <main> Merge table start:role2weibonotify
2016-08-05 21:40:38.626 INFO  <main> Merge role2weibonotify finish
2016-08-05 21:40:38.657 INFO  <main> Merge table start:npcsalebusinesstab
2016-08-05 21:40:38.657 INFO  <main> Merge npcsalebusinesstab finish
2016-08-05 21:40:38.688 INFO  <main> Merge rolekaigonghuibaoxiang finish
2016-08-05 21:40:38.751 INFO  <main> Merge table start:petrecyclebin
2016-08-05 21:40:38.751 INFO  <main> Merge petrecyclebin finish
2016-08-05 21:40:38.782 INFO  <main> Merge table start:activitycalendar
2016-08-05 21:40:38.782 INFO  <main> Merge activitycalendar finish
2016-08-05 21:40:38.829 INFO  <main> Merge table start:roleupdatetimetab
2016-08-05 21:40:38.844 INFO  <main> Merge roleupdatetimetab finish
2016-08-05 21:40:38.876 INFO  <main> Merge table start:weekindexs
2016-08-05 21:40:38.876 INFO  <main> Merge weekindexs finish
2016-08-05 21:40:38.907 INFO  <main> Merge table start:instanceactivitys
2016-08-05 21:40:38.907 INFO  <main> Merge instanceactivitys finish
2016-08-05 21:40:38.954 INFO  <main> clear table success:claninstbestlevel
2016-08-05 21:40:39.000 INFO  <main> Merge table start:buymedicitemnum
2016-08-05 21:40:39.000 INFO  <main> Merge buymedicitemnum finish
2016-08-05 21:40:39.078 INFO  <main> Merge table start:bingfenglists
2016-08-05 21:40:39.078 INFO  <main> Merge bingfenglists finish
2016-08-05 21:40:39.125 INFO  <main> Merge table start:archmaps
2016-08-05 21:40:39.125 INFO  <main> Merge archmaps finish
2016-08-05 21:40:39.203 INFO  <main> Merge table start:pvp1roles
2016-08-05 21:40:39.203 INFO  <main> Merge pvp1roles finish
2016-08-05 21:40:39.250 INFO  <main> Merge table start:clanindex
2016-08-05 21:40:39.250 INFO  <main> Merge clanindex finish
2016-08-05 21:40:39.297 INFO  <main> Merge table start:roledoublecharge
2016-08-05 21:40:39.297 INFO  <main> Merge roledoublecharge finish
2016-08-05 21:40:39.344 INFO  <main> Merge table start:transformbyitem
2016-08-05 21:40:39.344 INFO  <main> Merge transformbyitem finish
2016-08-05 21:40:39.390 INFO  <main> Merge table start:rolesalegoodslimits
2016-08-05 21:40:39.390 INFO  <main> Merge rolesalegoodslimits finish
2016-08-05 21:40:39.437 INFO  <main> Merge table start:rolenpcjiangliinfos
2016-08-05 21:40:39.437 INFO  <main> Merge rolenpcjiangliinfos finish
2016-08-05 21:40:39.468 INFO  <main> Merge table start:apprents
2016-08-05 21:40:39.468 INFO  <main> Merge apprents finish
2016-08-05 21:40:39.515 INFO  <main> Merge table start:pvp5historyscorelist
2016-08-05 21:40:39.515 INFO  <main> Merge pvp5historyscorelist finish
2016-08-05 21:40:39.562 INFO  <main> Merge roleshidelist finish
2016-08-05 21:40:39.609 INFO  <main> Merge table start:roleyaoqianshutables
2016-08-05 21:40:39.609 INFO  <main> Merge roleyaoqianshutables finish
2016-08-05 21:40:39.640 INFO  <main> Merge table start:menstor
2016-08-05 21:40:39.640 INFO  <main> Merge menstor finish
2016-08-05 21:40:39.687 INFO  <main> Merge table start:commitedscenariomission
2016-08-05 21:40:39.687 INFO  <main> Merge commitedscenariomission finish
2016-08-05 21:40:39.734 INFO  <main> clear table success:equiptab
2016-08-05 21:40:39.765 INFO  <main> Merge table start:roleofflinehook
2016-08-05 21:40:39.765 INFO  <main> Merge roleofflinehook finish
2016-08-05 21:40:39.812 INFO  <main> Merge table start:subscriptions
2016-08-05 21:40:39.812 INFO  <main> Merge subscriptions finish
2016-08-05 21:40:39.858 INFO  <main> Merge table start:ldvideoroleinfodeslisttab
2016-08-05 21:40:39.858 INFO  <main> Merge ldvideoroleinfodeslisttab finish
2016-08-05 21:40:39.905 INFO  <main> Merge table start:enhancement
2016-08-05 21:40:39.905 INFO  <main> Merge enhancement finish
2016-08-05 21:40:39.936 INFO  <main> Merge table start:equips
2016-08-05 21:40:39.952 INFO  <main> Merge equips finish
2016-08-05 21:40:40.046 INFO  <main> Merge table start:huobancolumns
2016-08-05 21:40:40.046 INFO  <main> Merge huobancolumns finish
2016-08-05 21:40:40.092 INFO  <main> Merge table start:petdepot
2016-08-05 21:40:40.092 INFO  <main> Merge petdepot finish
2016-08-05 21:40:40.139 INFO  <main> Merge table start:roleeventnpcinfos
2016-08-05 21:40:40.155 INFO  <main> Merge roleeventnpcinfos finish
2016-08-05 21:40:40.186 INFO  <main> Merge table start:medicitemlisttab
2016-08-05 21:40:40.186 INFO  <main> Merge medicitemlisttab finish
2016-08-05 21:40:40.233 INFO  <main> Merge table start:professionleadervotechallenge
2016-08-05 21:40:40.233 INFO  <main> Merge professionleadervotechallenge finish
2016-08-05 21:40:40.326 INFO  <main> Merge table start:role2npcawards
2016-08-05 21:40:40.326 INFO  <main> Merge role2npcawards finish
2016-08-05 21:40:40.404 INFO  <main> Merge roleid2activityquestion finish
2016-08-05 21:40:40.451 INFO  <main> Merge table start:role2instancezone
2016-08-05 21:40:40.451 INFO  <main> Merge role2instancezone finish
2016-08-05 21:40:40.482 INFO  <main> Merge table start:courses
2016-08-05 21:40:40.482 INFO  <main> Merge courses finish
2016-08-05 21:40:40.529 INFO  <main> Merge table start:requestruneinfotab
2016-08-05 21:40:40.529 INFO  <main> Merge requestruneinfotab finish
2016-08-05 21:40:40.576 INFO  <main> Merge table start:pvp3historyscorelist
2016-08-05 21:40:40.576 INFO  <main> Merge pvp3historyscorelist finish
2016-08-05 21:40:40.623 INFO  <main> Merge table start:livedieweeknumtab
2016-08-05 21:40:40.623 INFO  <main> Merge livedieweeknumtab finish
2016-08-05 21:40:40.670 INFO  <main> Merge table start:ldvideoroleroseinfolisttab
2016-08-05 21:40:40.670 INFO  <main> Merge ldvideoroleroseinfolisttab finish
2016-08-05 21:40:40.716 INFO  <main> Merge table start:timingreward
2016-08-05 21:40:40.732 INFO  <main> Merge timingreward finish
2016-08-05 21:40:40.779 INFO  <main> Merge table start:roleid2particleskill
2016-08-05 21:40:40.779 INFO  <main> Merge roleid2particleskill finish
2016-08-05 21:40:40.810 INFO  <main> Merge table start:clanfights
2016-08-05 21:40:40.826 INFO  <main> Merge clanfights finish
2016-08-05 21:40:40.857 INFO  <main> Merge table start:roleprofessionranklist
2016-08-05 21:40:40.872 INFO  <main> Merge roleprofessionranklist finish
2016-08-05 21:40:40.904 INFO  <main> Merge table start:multiexp
2016-08-05 21:40:40.904 INFO  <main> Merge multiexp finish
2016-08-05 21:40:40.950 INFO  <main> Merge table start:rolehook
2016-08-05 21:40:40.950 INFO  <main> Merge rolehook finish
2016-08-05 21:40:41.028 INFO  <main> Merge table start:ldvideohislisttab
2016-08-05 21:40:41.028 INFO  <main> Merge ldvideohislisttab finish
2016-08-05 21:40:41.075 INFO  <main> Merge table start:yybfushi
2016-08-05 21:40:41.075 INFO  <main> Merge yybfushi finish
2016-08-05 21:40:41.122 INFO  <main> Merge table start:lianyunaward
2016-08-05 21:40:41.122 INFO  <main> Merge lianyunaward finish
2016-08-05 21:40:41.184 INFO  <main> Merge table start:levelseal
2016-08-05 21:40:41.184 INFO  <main> Merge levelseal finish
2016-08-05 21:40:41.231 INFO  <main> Merge table start:beginnertip
2016-08-05 21:40:41.231 INFO  <main> Merge beginnertip finish
2016-08-05 21:40:41.294 INFO  <main> Merge table start:bingfengroles
2016-08-05 21:40:41.294 INFO  <main> Merge bingfengroles finish
2016-08-05 21:40:41.340 INFO  <main> Merge table start:roleid2liveskill
2016-08-05 21:40:41.340 INFO  <main> Merge roleid2liveskill finish
2016-08-05 21:40:41.387 INFO  <main> Merge table start:chargeorder
2016-08-05 21:40:41.387 INFO  <main> Merge chargeorder finish
2016-08-05 21:40:41.434 INFO  <main> Merge table start:regtbl
2016-08-05 21:40:41.434 INFO  <main> Merge regtbl finish
2016-08-05 21:40:41.496 INFO  <main> Merge table start:missioncameras
2016-08-05 21:40:41.496 INFO  <main> Merge missioncameras finish
2016-08-05 21:40:41.528 INFO  <main> Merge table start:professionleaderfightdata
2016-08-05 21:40:41.528 INFO  <main> Merge professionleaderfightdata finish
2016-08-05 21:40:41.574 INFO  <main> Merge table start:rolespaces
2016-08-05 21:40:41.574 INFO  <main> Merge rolespaces finish
2016-08-05 21:40:41.652 INFO  <main> Merge table start:role2impexam
2016-08-05 21:40:41.652 INFO  <main> Merge role2impexam finish
2016-08-05 21:40:41.684 INFO  <main> Merge table start:payplatform
2016-08-05 21:40:41.684 INFO  <main> Merge payplatform finish
2016-08-05 21:40:41.715 INFO  <main> Merge table start:instanceturngroups
2016-08-05 21:40:41.715 INFO  <main> Merge instanceturngroups finish
2016-08-05 21:40:41.824 INFO  <main> Merge table start:rolequitstatistics
2016-08-05 21:40:41.824 INFO  <main> Merge rolequitstatistics finish
2016-08-05 21:40:41.918 INFO  <main> Merge table start:roleidclan
2016-08-05 21:40:41.918 INFO  <main> Merge roleidclan finish
2016-08-05 21:40:41.964 INFO  <main> Merge table start:clanzonghelist
2016-08-05 21:40:41.980 INFO  <main> Merge clanzonghelist finish
2016-08-05 21:40:42.011 INFO  <main> Merge table start:ticketiteminfo
2016-08-05 21:40:42.011 INFO  <main> Merge ticketiteminfo finish
2016-08-05 21:40:42.058 INFO  <main> Merge table start:fushinum
2016-08-05 21:40:42.058 INFO  <main> Merge fushinum finish
2016-08-05 21:40:42.105 INFO  <main> Merge table start:compensation
2016-08-05 21:40:42.105 INFO  <main> Merge compensation finish
2016-08-05 21:40:42.183 INFO  <main> Merge table start:huobanzhenrongs
2016-08-05 21:40:42.183 INFO  <main> Merge huobanzhenrongs finish
2016-08-05 21:40:42.401 INFO  <main> Merge table start:rolesplayactive
2016-08-05 21:40:42.401 INFO  <main> Merge rolesplayactive finish
2016-08-05 21:40:42.448 INFO  <main> Merge table start:broadcastmsgtab
2016-08-05 21:40:42.464 INFO  <main> Merge broadcastmsgtab finish
2016-08-05 21:40:42.588 INFO  <main> Merge table start:rolepetsellcount
2016-08-05 21:40:42.588 INFO  <main> Merge rolepetsellcount finish
2016-08-05 21:40:42.666 INFO  <main> Merge table start:roletradinghisrecordlisttab
2016-08-05 21:40:42.666 INFO  <main> Merge roletradinghisrecordlisttab finish
2016-08-05 21:40:42.760 INFO  <main> Merge table start:usercompensation
2016-08-05 21:40:42.760 INFO  <main> Merge usercompensation finish
2016-08-05 21:40:42.807 INFO  <main> Merge table start:rolereceiveredpackrecordtab
2016-08-05 21:40:42.807 INFO  <main> Merge rolereceiveredpackrecordtab finish
2016-08-05 21:40:42.854 INFO  <main> Merge table start:roleid2worldredpacksendtotal
2016-08-05 21:40:42.854 INFO  <main> Merge roleid2worldredpacksendtotal finish
2016-08-05 21:40:42.885 INFO  <main> Merge table start:yybchargeorder
2016-08-05 21:40:42.885 INFO  <main> Merge yybchargeorder finish
2016-08-05 21:40:42.932 INFO  <main> Merge table start:pet
2016-08-05 21:40:42.932 INFO  <main> Merge pet finish
2016-08-05 21:40:42.978 INFO  <main> Merge table start:pvp5scorelist
2016-08-05 21:40:42.978 INFO  <main> Merge pvp5scorelist finish
2016-08-05 21:40:43.010 INFO  <main> Merge table start:rolemuldayloginreward
2016-08-05 21:40:43.010 INFO  <main> Merge rolemuldayloginreward finish
2016-08-05 21:40:43.056 INFO  <main> Merge table start:marketpet
2016-08-05 21:40:43.056 INFO  <main> Merge marketpet finish
2016-08-05 21:40:43.103 INFO  <main> Merge table start:runeinfotab
2016-08-05 21:40:43.103 INFO  <main> Merge runeinfotab finish
2016-08-05 21:40:43.150 INFO  <main> Merge table start:rolezonghelist
2016-08-05 21:40:43.166 INFO  <main> Merge rolezonghelist finish
2016-08-05 21:40:43.212 INFO  <main> Merge table start:roleid2chargereturnprofit
2016-08-05 21:40:43.212 INFO  <main> Merge roleid2chargereturnprofit finish
2016-08-05 21:40:43.275 INFO  <main> Merge table start:redpackinfoviewlisttab
2016-08-05 21:40:43.275 INFO  <main> Merge redpackinfoviewlisttab finish
2016-08-05 21:40:43.337 INFO  <main> Merge table start:rolenumfornewserver
2016-08-05 21:40:43.337 INFO  <main> Merge rolenumfornewserver finish
2016-08-05 21:40:43.446 INFO  <main> clear table success:activitytable
2016-08-05 21:40:43.509 INFO  <main> Merge table start:rolerollcard
2016-08-05 21:40:43.509 INFO  <main> Merge rolerollcard finish
2016-08-05 21:40:43.571 INFO  <main> Merge table start:anyemaxituan
2016-08-05 21:40:43.571 INFO  <main> Merge anyemaxituan finish
2016-08-05 21:40:43.680 INFO  <main> Merge table start:rolelevellist
2016-08-05 21:40:43.680 INFO  <main> Merge rolelevellist finish
2016-08-05 21:40:43.758 INFO  <main> Merge preselltab finish
2016-08-05 21:40:43.805 INFO  <main> Merge table start:roleinstancetask
2016-08-05 21:40:43.805 INFO  <main> Merge roleinstancetask finish
2016-08-05 21:40:43.868 INFO  <main> Merge table start:roletradingrecordstab
2016-08-05 21:40:43.868 INFO  <main> Merge roletradingrecordstab finish
2016-08-05 21:40:43.961 INFO  <main> Merge table start:roleid2professionleadertickets
2016-08-05 21:40:43.961 INFO  <main> Merge roleid2professionleadertickets finish
2016-08-05 21:40:44.024 INFO  <main> Merge table start:questbag
2016-08-05 21:40:44.024 INFO  <main> Merge questbag finish
2016-08-05 21:40:44.086 INFO  <main> Merge table start:claninstances
2016-08-05 21:40:44.086 INFO  <main> Merge claninstances finish
2016-08-05 21:40:44.211 INFO  <main> Merge table start:firstchargenew
2016-08-05 21:40:44.211 INFO  <main> Merge firstchargenew finish
2016-08-05 21:40:44.289 INFO  <main> Merge table start:triggerroles
2016-08-05 21:40:44.289 INFO  <main> Merge triggerroles finish
2016-08-05 21:40:44.336 INFO  <main> Merge clans finish
2016-08-05 21:40:44.367 INFO  <main> Merge table start:rolerenxingdata
2016-08-05 21:40:44.382 INFO  <main> Merge rolerenxingdata finish
2016-08-05 21:40:44.414 INFO  <main> Merge table start:activeroletable
2016-08-05 21:40:44.429 INFO  <main> Merge activeroletable finish
2016-08-05 21:40:44.460 INFO  <main> Merge table start:roleuseitemcount
2016-08-05 21:40:44.460 INFO  <main> Merge roleuseitemcount finish
2016-08-05 21:40:44.507 INFO  <main> Merge table start:activeusertable
2016-08-05 21:40:44.507 INFO  <main> Merge activeusertable finish
2016-08-05 21:40:44.616 INFO  <main> Merge table start:depot
2016-08-05 21:40:44.616 INFO  <main> Merge depot finish
2016-08-05 21:40:44.663 INFO  <main> Merge table start:friendgivenum
2016-08-05 21:40:44.663 INFO  <main> Merge friendgivenum finish
2016-08-05 21:40:44.726 INFO  <main> Merge table start:majorscenariomission
2016-08-05 21:40:44.726 INFO  <main> Merge majorscenariomission finish
2016-08-05 21:40:44.788 INFO  <main> Merge table start:rolename2key
2016-08-05 21:40:44.788 INFO  <main> Merge rolename2key finish
2016-08-05 21:40:44.850 INFO  <main> Merge table start:rolekaibaoxiang
2016-08-05 21:40:44.850 INFO  <main> Merge rolekaibaoxiang finish
2016-08-05 21:40:44.928 INFO  <main> Merge table start:commitedmission
2016-08-05 21:40:44.928 INFO  <main> Merge commitedmission finish
2016-08-05 21:40:44.975 INFO  <main> Merge table start:clanranklist
2016-08-05 21:40:44.975 INFO  <main> Merge clanranklist finish
2016-08-05 21:40:45.022 INFO  <main> Merge table start:roleredpackrecordtab
2016-08-05 21:40:45.022 INFO  <main> Merge roleredpackrecordtab finish
2016-08-05 21:40:45.069 INFO  <main> Merge table start:redpacklist
2016-08-05 21:40:45.069 INFO  <main> Merge redpacklist finish
2016-08-05 21:40:45.100 INFO  <main> Merge table start:itemrecyclebin
2016-08-05 21:40:45.116 INFO  <main> Merge itemrecyclebin finish
2016-08-05 21:40:45.162 INFO  <main> Merge table start:markettradelogtab
2016-08-05 21:40:45.162 INFO  <main> Merge markettradelogtab finish
2016-08-05 21:40:45.287 INFO  <main> Merge table start:userdeviceinfotab
2016-08-05 21:40:45.287 INFO  <main> Merge userdeviceinfotab finish
2016-08-05 21:40:45.350 INFO  <main> Merge table start:rolesplayactiveweek
2016-08-05 21:40:45.350 INFO  <main> Merge rolesplayactiveweek finish
2016-08-05 21:40:45.396 INFO  <main> Merge table start:friends
2016-08-05 21:40:45.396 INFO  <main> Merge friends finish
2016-08-05 21:40:45.443 INFO  <main> Merge table start:market
2016-08-05 21:40:45.443 INFO  <main> Merge market finish
2016-08-05 21:40:45.474 INFO  <main> Merge table start:chargehistory
2016-08-05 21:40:45.474 INFO  <main> Merge chargehistory finish
2016-08-05 21:40:45.521 INFO  <main> Merge table start:roleposes
2016-08-05 21:40:45.521 INFO  <main> Merge roleposes finish
2016-08-05 21:40:45.568 INFO  <main> Merge table start:roletimernpcinfos
2016-08-05 21:40:45.568 INFO  <main> Merge roletimernpcinfos finish
2016-08-05 21:40:45.599 INFO  <main> Merge table start:fushirecordtable
2016-08-05 21:40:45.599 INFO  <main> Merge fushirecordtable finish
2016-08-05 21:40:45.646 INFO  <main> Merge table start:instancezones
2016-08-05 21:40:45.646 INFO  <main> Merge instancezones finish
2016-08-05 21:40:45.740 INFO  <main> Merge table start:roleapplyclantab
2016-08-05 21:40:45.740 INFO  <main> Merge roleapplyclantab finish
2016-08-05 21:40:45.786 INFO  <main> Merge table start:roleid2weekgiverecegift
2016-08-05 21:40:45.786 INFO  <main> Merge roleid2weekgiverecegift finish
2016-08-05 21:40:45.818 INFO  <main> Merge table start:rolepingbirolesinfos
2016-08-05 21:40:45.818 INFO  <main> Merge rolepingbirolesinfos finish
2016-08-05 21:40:45.849 INFO  <main> Merge table start:redpackroleinfolisttab
2016-08-05 21:40:45.849 INFO  <main> Merge redpackroleinfolisttab finish
2016-08-05 21:40:45.942 INFO  <main> Merge table start:clanprogressranklist
2016-08-05 21:40:45.942 INFO  <main> Merge clanprogressranklist finish
2016-08-05 21:40:45.974 INFO  <main> Merge table start:tablekeynum
2016-08-05 21:40:45.974 INFO  <main> Merge tablekeynum finish
2016-08-05 21:40:46.052 INFO  <main> Merge table start:invitepeopleinfo
2016-08-05 21:40:46.052 INFO  <main> Merge invitepeopleinfo finish
2016-08-05 21:40:46.098 INFO  <main> Merge table start:skillroles
2016-08-05 21:40:46.098 INFO  <main> Merge skillroles finish
2016-08-05 21:40:46.208 INFO  <main> Merge table start:rolesafelock
2016-08-05 21:40:46.208 INFO  <main> Merge rolesafelock finish
2016-08-05 21:40:46.301 INFO  <main> Merge table start:uniquepets
2016-08-05 21:40:46.301 INFO  <main> Merge uniquepets finish
2016-08-05 21:40:46.348 INFO  <main> Merge table start:petscorelist
2016-08-05 21:40:46.348 INFO  <main> Merge petscorelist finish
2016-08-05 21:40:46.395 INFO  <main> Merge table start:rolecircletask
2016-08-05 21:40:46.395 INFO  <main> Merge rolecircletask finish
2016-08-05 21:40:46.442 INFO  <main> Merge table start:modnameitemroles
2016-08-05 21:40:46.442 INFO  <main> Merge modnameitemroles finish
2016-08-05 21:40:46.473 INFO  <main> Merge table start:failedchargeorder
2016-08-05 21:40:46.473 INFO  <main> Merge failedchargeorder finish
2016-08-05 21:40:46.520 INFO  <main> Merge table start:trackedmission
2016-08-05 21:40:46.520 INFO  <main> Merge trackedmission finish
2016-08-05 21:40:46.566 INFO  <main> Merge table start:roleclanpoint
2016-08-05 21:40:46.566 INFO  <main> Merge roleclanpoint finish
2016-08-05 21:40:46.613 INFO  <main> Merge table start:offlinemsg
2016-08-05 21:40:46.613 INFO  <main> Merge offlinemsg finish
2016-08-05 21:40:46.660 INFO  <main> Merge table start:temp
2016-08-05 21:40:46.660 INFO  <main> Merge temp finish
2016-08-05 21:40:46.722 INFO  <main> Merge table start:pvp3roles
2016-08-05 21:40:46.722 INFO  <main> Merge pvp3roles finish
2016-08-05 21:40:46.769 INFO  <main> Merge table start:helpcount
2016-08-05 21:40:46.769 INFO  <main> Merge helpcount finish
2016-08-05 21:40:46.816 INFO  <main> clear table success:itemrecycleidx
2016-08-05 21:40:47.003 INFO  <main> Merge table start:vipinfo
2016-08-05 21:40:47.003 INFO  <main> Merge vipinfo finish
2016-08-05 21:40:47.050 INFO  <main> Merge table start:serviceinfos
2016-08-05 21:40:47.050 INFO  <main> Merge serviceinfos finish
2016-08-05 21:40:47.097 INFO  <main> Merge table start:receflowerlist
2016-08-05 21:40:47.097 INFO  <main> Merge receflowerlist finish
2016-08-05 21:40:47.144 INFO  <main> Merge table start:srredpacknumlisttab
2016-08-05 21:40:47.144 INFO  <main> Merge srredpacknumlisttab finish
2016-08-05 21:40:47.253 INFO  <main> Merge table start:equip
2016-08-05 21:40:47.253 INFO  <main> Merge equip finish
2016-08-05 21:40:47.300 INFO  <main> Merge table start:rolebestow
2016-08-05 21:40:47.300 INFO  <main> Merge rolebestow finish
2016-08-05 21:40:47.346 INFO  <main> Merge table start:giveflowerlist
2016-08-05 21:40:47.346 INFO  <main> Merge giveflowerlist finish
2016-08-05 21:40:47.393 INFO  <main> Merge table start:accusationinfos
2016-08-05 21:40:47.393 INFO  <main> Merge accusationinfos finish
2016-08-05 21:40:47.440 INFO  <main> Merge table start:user
2016-08-05 21:40:47.456 INFO  <main> Merge user finish
2016-08-05 21:40:47.502 INFO  <main> Merge table start:properties
2016-08-05 21:40:47.502 INFO  <main> Merge properties finish
2016-08-05 21:40:47.565 INFO  <main> Merge table start:roletasks
2016-08-05 21:40:47.565 INFO  <main> Merge roletasks finish
2016-08-05 21:40:47.612 INFO  <main> Merge table start:appstoretidstatus
2016-08-05 21:40:47.612 INFO  <main> Merge appstoretidstatus finish
2016-08-05 21:40:47.674 INFO  <main> mergeSys insert OK. key:mkdb.util.AutoKeys.51 value:[(ITEM_UID,51,688179), (PET_UID,51,36915), (archmaps,51,51), (battle,51,86067), (bingfengwangzuos,51,51), (chargeorder,51,20531), (clans,51,16435), (enhancement,51,51), (equips,51,512051), (equiptab,51,8243), (getrolescallback,51,20531), (gmcreatenpcuniversal,51,51), (instancetask,51,51), (instancezones,51,24627), (normaltab,51,51), (pettab,51,51), (preselltab,51,51), (properties,51,61491), (quality,51,51), (singlecompensations,51,51), (team,51,51), (ticketiteminfo,51,51), (timerfutures,51,28723), (yybchargeorder,51,51)]
2016-08-05 21:40:47.721 INFO  <main> Perfect... ... Merge OK, Output DB is xmergetest\\result_db
2016-08-05 21:40:47.721 INFO  <main> mkdb.util.Dbx stop begin
2016-08-05 21:40:47.721 INFO  <main> mkdb.util.Dbx stop end
2016-08-05 21:40:47.736 FATAL <mkdb.ShutdownHook> mkdb stop from ShutdownHook.
